<?xml version="1.0" encoding="UTF-8"?>
<!-- Generated by org.testng.reporters.JUnitReportReporter -->
<testsuite hostname="WIN-2MGG63HQOPG" failures="0" tests="11" name="com.mb.TestRunner.TestRunner" time="1131.426" errors="0" timestamp="2023-11-12T23:43:02 PST" skipped="0">
  <testcase classname="com.mb.TestRunner.TestRunner" name="feature" time="267.467"/>
  <system-out/>
  <testcase classname="com.mb.TestRunner.TestRunner" name="feature" time="134.202"/>
  <system-out/>
  <testcase classname="com.mb.TestRunner.TestRunner" name="feature" time="252.953"/>
  <system-out/>
  <testcase classname="com.mb.TestRunner.TestRunner" name="feature" time="82.223"/>
  <system-out/>
  <testcase classname="com.mb.TestRunner.TestRunner" name="feature" time="70.128"/>
  <system-out/>
  <testcase classname="com.mb.TestRunner.TestRunner" name="feature" time="126.034"/>
  <system-out/>
  <testcase classname="com.mb.TestRunner.TestRunner" name="feature" time="33.080"/>
  <system-out/>
  <testcase classname="com.mb.TestRunner.TestRunner" name="feature" time="6.337"/>
  <system-out/>
  <testcase classname="com.mb.TestRunner.TestRunner" name="feature" time="44.194"/>
  <system-out/>
  <testcase classname="com.mb.TestRunner.TestRunner" name="feature" time="0.035"/>
  <system-out/>
  <testcase classname="com.mb.TestRunner.TestRunner" name="feature" time="114.773"/>
  <system-out/>
</testsuite> <!-- com.mb.TestRunner.TestRunner -->
